Using pre-set license
Desktop is 2726 x 768 @ 60 Hz

 COMMAND LINE ARGUMENTS:
Unity
-adb2
-batchMode
-noUpm
-name
AssetImportWorker1
-projectPath
/home/danny/Documentos/unity/Proyectos/2DPlatformerBeginner-master
-logFile
Logs/AssetImportWorker1.log
-srvPort
42453
Successfully changed project path to: /home/danny/Documentos/unity/Proyectos/2DPlatformerBeginner-master
/home/danny/Documentos/unity/Proyectos/2DPlatformerBeginner-master
Using Asset Import Pipeline V2.
Refreshing native plugins compatible for Editor in 83,43 ms, found 2 plugins.
Preloading 0 native plugins for Editor in 0,00 ms.
Initialize engine version: 2020.3.8f1 (507919d4fff5)
[Subsystems] Discovering subsystems at path /home/danny/Documentos/unity/2020.3.8f1/Editor/Data/Resources/UnitySubsystems
[Subsystems] Discovering subsystems at path /home/danny/Documentos/unity/Proyectos/2DPlatformerBeginner-master/Assets
GLX Extensions: GLX_ARB_create_context GLX_ARB_create_context_no_error GLX_ARB_create_context_profile GLX_ARB_create_context_robustness GLX_ARB_fbconfig_float GLX_ARB_framebuffer_sRGB GLX_ARB_get_proc_address GLX_ARB_multisample GLX_EXT_buffer_age GLX_EXT_create_context_es2_profile GLX_EXT_create_context_es_profile GLX_EXT_fbconfig_packed_float GLX_EXT_framebuffer_sRGB GLX_EXT_no_config_context GLX_EXT_swap_control GLX_EXT_swap_control_tear GLX_EXT_texture_from_pixmap GLX_EXT_visual_info GLX_EXT_visual_rating GLX_INTEL_swap_event GLX_MESA_copy_sub_buffer GLX_MESA_query_renderer GLX_MESA_swap_control GLX_OML_swap_method GLX_OML_sync_control GLX_SGIS_multisample GLX_SGIX_fbconfig GLX_SGIX_pbuffer GLX_SGIX_visual_select_group GLX_SGI_make_current_read GLX_SGI_swap_control GLX_SGI_video_sync 
Renderer: Mesa Intel(R) HD Graphics 4400 (HSW GT2)
Vendor:   Intel
Version:  4.6 (Core Profile) Mesa 22.0.5
GLES:     0
 GL_3DFX_texture_compression_FXT1 GL_AMD_conservative_depth GL_AMD_draw_buffers_blend GL_AMD_multi_draw_indirect GL_AMD_performance_monitor GL_AMD_pinned_memory GL_AMD_query_buffer_object GL_AMD_seamless_cubemap_per_texture GL_AMD_shader_trinary_minmax GL_AMD_texture_texture4 GL_AMD_vertex_shader_layer GL_AMD_vertex_shader_viewport_index GL_ANGLE_texture_compression_dxt3 GL_ANGLE_texture_compression_dxt5 GL_ARB_ES2_compatibility GL_ARB_ES3_1_compatibility GL_ARB_ES3_2_compatibility GL_ARB_ES3_compatibility GL_ARB_arrays_of_arrays GL_ARB_base_instance GL_ARB_blend_func_extended GL_ARB_buffer_storage GL_ARB_clear_buffer_object GL_ARB_clear_texture GL_ARB_clip_control GL_ARB_compressed_texture_pixel_storage GL_ARB_compute_shader GL_ARB_compute_variable_group_size GL_ARB_conditional_render_inverted GL_ARB_conservative_depth GL_ARB_copy_buffer GL_ARB_copy_image GL_ARB_cull_distance GL_ARB_debug_output GL_ARB_depth_buffer_float GL_ARB_depth_clamp GL_ARB_derivative_control GL_ARB_direct_state_access GL_ARB_draw_buf
fers GL_ARB_draw_buffers_blend GL_ARB_draw_elements_base_vertex GL_ARB_draw_indirect GL_ARB_draw_instanced GL_ARB_enhanced_layouts GL_ARB_explicit_attrib_location GL_ARB_explicit_uniform_location GL_ARB_fragment_coord_conventions GL_ARB_fragment_layer_viewport GL_ARB_fragment_shader GL_ARB_framebuffer_no_attachments GL_ARB_framebuffer_object GL_ARB_framebuffer_sRGB GL_ARB_get_program_binary GL_ARB_get_texture_sub_image GL_ARB_gl_spirv GL_ARB_gpu_shader5 GL_ARB_gpu_shader_fp64 GL_ARB_half_float_pixel GL_ARB_half_float_vertex GL_ARB_indirect_parameters GL_ARB_instanced_arrays GL_ARB_internalformat_query GL_ARB_internalformat_query2 GL_ARB_invalidate_subdata GL_ARB_map_buffer_alignment GL_ARB_map_buffer_range GL_ARB_multi_bind GL_ARB_multi_draw_indirect GL_ARB_occlusion_query2 GL_ARB_parallel_shader_compile GL_ARB_pipeline_statistics_query GL_ARB_pixel_buffer_object GL_ARB_point_sprite GL_ARB_polygon_offset_clamp GL_ARB_program_interface_query GL_ARB_provoking_vertex GL_ARB_query_buffer_object GL_ARB_robust_buf
fer_access_behavior GL_ARB_robustness GL_ARB_sample_shading GL_ARB_sampler_objects GL_ARB_seamless_cube_map GL_ARB_seamless_cubemap_per_texture GL_ARB_separate_shader_objects GL_ARB_shader_atomic_counter_ops GL_ARB_shader_atomic_counters GL_ARB_shader_bit_encoding GL_ARB_shader_clock GL_ARB_shader_draw_parameters GL_ARB_shader_group_vote GL_ARB_shader_image_load_store GL_ARB_shader_image_size GL_ARB_shader_objects GL_ARB_shader_precision GL_ARB_shader_storage_buffer_object GL_ARB_shader_subroutine GL_ARB_shader_texture_image_samples GL_ARB_shader_texture_lod GL_ARB_shader_viewport_layer_array GL_ARB_shading_language_420pack GL_ARB_shading_language_include GL_ARB_shading_language_packing GL_ARB_spirv_extensions GL_ARB_stencil_texturing GL_ARB_sync GL_ARB_tessellation_shader GL_ARB_texture_barrier GL_ARB_texture_buffer_object GL_ARB_texture_buffer_object_rgb32 GL_ARB_texture_buffer_range GL_ARB_texture_compression_bptc GL_ARB_texture_compression_rgtc GL_ARB_texture_cube_map_array GL_ARB_texture_filter_anisotro
pic GL_ARB_texture_float GL_ARB_texture_gather GL_ARB_texture_mirror_clamp_to_edge GL_ARB_texture_multisample GL_ARB_texture_non_power_of_two GL_ARB_texture_query_levels GL_ARB_texture_query_lod GL_ARB_texture_rectangle GL_ARB_texture_rg GL_ARB_texture_rgb10_a2ui GL_ARB_texture_stencil8 GL_ARB_texture_storage GL_ARB_texture_storage_multisample GL_ARB_texture_swizzle GL_ARB_texture_view GL_ARB_timer_query GL_ARB_transform_feedback2 GL_ARB_transform_feedback3 GL_ARB_transform_feedback_instanced GL_ARB_transform_feedback_overflow_query GL_ARB_uniform_buffer_object GL_ARB_vertex_array_bgra GL_ARB_vertex_array_object GL_ARB_vertex_attrib_64bit GL_ARB_vertex_attrib_binding GL_ARB_vertex_buffer_object GL_ARB_vertex_shader GL_ARB_vertex_type_10f_11f_11f_rev GL_ARB_vertex_type_2_10_10_10_rev GL_ARB_viewport_array GL_ATI_blend_equation_separate GL_ATI_texture_float GL_EXT_EGL_image_storage GL_EXT_EGL_sync GL_EXT_abgr GL_EXT_blend_equation_separate GL_EXT_demote_to_helper_invocation GL_EXT_draw_buffers2 GL_EXT_draw_ins
tanced GL_EXT_framebuffer_blit GL_EXT_framebuffer_multisample GL_EXT_framebuffer_multisample_blit_scaled GL_EXT_framebuffer_object GL_EXT_framebuffer_sRGB GL_EXT_memory_object GL_EXT_memory_object_fd GL_EXT_packed_depth_stencil GL_EXT_packed_float GL_EXT_pixel_buffer_object GL_EXT_polygon_offset_clamp GL_EXT_provoking_vertex GL_EXT_semaphore GL_EXT_semaphore_fd GL_EXT_shader_framebuffer_fetch_non_coherent GL_EXT_shader_integer_mix GL_EXT_shader_samples_identical GL_EXT_texture_array GL_EXT_texture_compression_dxt1 GL_EXT_texture_compression_rgtc GL_EXT_texture_compression_s3tc GL_EXT_texture_filter_anisotropic GL_EXT_texture_integer GL_EXT_texture_sRGB GL_EXT_texture_sRGB_R8 GL_EXT_texture_sRGB_decode GL_EXT_texture_shadow_lod GL_EXT_texture_shared_exponent GL_EXT_texture_snorm GL_EXT_texture_swizzle GL_EXT_timer_query GL_EXT_transform_feedback GL_EXT_vertex_array_bgra GL_EXT_vertex_attrib_64bit GL_IBM_multimode_draw_arrays GL_INTEL_blackhole_render GL_KHR_blend_equation_advanced GL_KHR_context_flush_control
 GL_KHR_debug GL_KHR_no_error GL_KHR_parallel_shader_compile GL_KHR_robust_buffer_access_behavior GL_KHR_robustness GL_KHR_texture_compression_astc_ldr GL_KHR_texture_compression_astc_sliced_3d GL_MESA_framebuffer_flip_y GL_MESA_pack_invert GL_MESA_shader_integer_functions GL_MESA_texture_signed_rgba GL_NV_compute_shader_derivatives GL_NV_conditional_render GL_NV_copy_image GL_NV_depth_clamp GL_NV_packed_depth_stencil GL_NV_texture_barrier GL_OES_EGL_image GL_S3_s3tc
OPENGL LOG: Creating OpenGL 4.6 graphics device ; Context level  <OpenGL 4.5> ; Context handle -1576720528
Initialize mono
Mono path[0] = '/home/danny/Documentos/unity/2020.3.8f1/Editor/Data/Managed'
Mono path[1] = '/home/danny/Documentos/unity/2020.3.8f1/Editor/Data/MonoBleedingEdge/lib/mono/unityjit'
Mono config path = '/home/danny/Documentos/unity/2020.3.8f1/Editor/Data/MonoBleedingEdge/etc'
Using monoOptions --debugger-agent=transport=dt_socket,embedding=1,server=y,suspend=n,address=127.0.0.1:56790
Begin MonoManager ReloadAssembly
Registering precompiled unity dll's ...
Register platform support module: /home/danny/Documentos/unity/2020.3.8f1/Editor/Data/PlaybackEngines/LinuxStandaloneSupport/UnityEditor.LinuxStandalone.Extensions.dll
Registered in 0,002226 seconds.
Native extension for LinuxStandalone target not found
Refreshing native plugins compatible for Editor in 75,86 ms, found 2 plugins.
Preloading 0 native plugins for Editor in 0,00 ms.
Mono: successfully reloaded assembly
- Completed reload, in  2,024 seconds
Platform modules already initialized, skipping
Registering precompiled user dll's ...
Registered in 0,003243 seconds.
Begin MonoManager ReloadAssembly
Native extension for LinuxStandalone target not found
Refreshing native plugins compatible for Editor in 81,97 ms, found 2 plugins.
Preloading 0 native plugins for Editor in 0,00 ms.
Mono: successfully reloaded assembly
- Completed reload, in  1,689 seconds
Platform modules already initialized, skipping
========================================================================
Worker process is ready to serve import requests
Launched and connected shader compiler UnityShaderCompiler after 0.02 seconds
Refreshing native plugins compatible for Editor in 0,69 ms, found 2 plugins.
Preloading 0 native plugins for Editor in 0,00 ms.
Unloading 1841 Unused Serialized files (Serialized files now loaded: 0)
System memory in use before: 100,3 MB.
System memory in use after: 100,3 MB.

Unloading 35 unused Assets to reduce memory usage. Loaded Objects now: 2298.
Total: 5,040145 ms (FindLiveObjects: 0,272436 ms CreateObjectMapping: 0,113910 ms MarkObjects: 4,184586 ms  DeleteObjects: 0,467139 ms)

========================================================================
Received Import Request.
  path: Assets/Animations/Attack__000 1.controller
  artifactKey: Guid(c6b0095a19ffe684aa9611342143ef03) Importer(815301076,1909f56bfc062723c751e8b465ee728b)
Start importing Assets/Animations/Attack__000 1.controller using Guid(c6b0095a19ffe684aa9611342143ef03) Importer(815301076,1909f56bfc062723c751e8b465ee728b)  -> (artifact id: 'd6cffb9180e2036336a03cf59adb364c') in 0,021205 seconds
  Import took 0,026935 seconds .

========================================================================
Received Prepare
Registering precompiled user dll's ...
Registered in 0,005708 seconds.
Begin MonoManager ReloadAssembly
Native extension for LinuxStandalone target not found
Refreshing native plugins compatible for Editor in 0,68 ms, found 2 plugins.
Preloading 0 native plugins for Editor in 0,00 ms.
Mono: successfully reloaded assembly
- Completed reload, in  1,422 seconds
Platform modules already initialized, skipping
Refreshing native plugins compatible for Editor in 0,68 ms, found 2 plugins.
Preloading 0 native plugins for Editor in 0,00 ms.
Unloading 1831 Unused Serialized files (Serialized files now loaded: 0)
System memory in use before: 99,8 MB.
System memory in use after: 99,8 MB.

Unloading 24 unused Assets to reduce memory usage. Loaded Objects now: 2302.
Total: 3,836201 ms (FindLiveObjects: 0,295095 ms CreateObjectMapping: 0,118396 ms MarkObjects: 3,274023 ms  DeleteObjects: 0,147265 ms)

========================================================================
Received Prepare
Registering precompiled user dll's ...
Registered in 0,004593 seconds.
Begin MonoManager ReloadAssembly
Native extension for LinuxStandalone target not found
Refreshing native plugins compatible for Editor in 0,79 ms, found 2 plugins.
Preloading 0 native plugins for Editor in 0,00 ms.
Mono: successfully reloaded assembly
- Completed reload, in  1,346 seconds
Platform modules already initialized, skipping
Refreshing native plugins compatible for Editor in 0,62 ms, found 2 plugins.
Preloading 0 native plugins for Editor in 0,00 ms.
Unloading 1831 Unused Serialized files (Serialized files now loaded: 0)
System memory in use before: 99,8 MB.
System memory in use after: 99,8 MB.

Unloading 24 unused Assets to reduce memory usage. Loaded Objects now: 2306.
Total: 4,210814 ms (FindLiveObjects: 0,293458 ms CreateObjectMapping: 0,118431 ms MarkObjects: 3,644087 ms  DeleteObjects: 0,152787 ms)

========================================================================
Received Import Request.
  Time since last request: 809,781115 seconds.
  path: Assets/Animations/Attack__000 1.controller
  artifactKey: Guid(c6b0095a19ffe684aa9611342143ef03) Importer(815301076,1909f56bfc062723c751e8b465ee728b)
Start importing Assets/Animations/Attack__000 1.controller using Guid(c6b0095a19ffe684aa9611342143ef03) Importer(815301076,1909f56bfc062723c751e8b465ee728b)  -> (artifact id: '7a388477eb814b534a87b1fb205f4bed') in 0,034567 seconds
  Import took 0,040999 seconds .

========================================================================
Received Prepare
Registering precompiled user dll's ...
Registered in 0,004423 seconds.
Begin MonoManager ReloadAssembly
Native extension for LinuxStandalone target not found
Refreshing native plugins compatible for Editor in 0,85 ms, found 2 plugins.
Preloading 0 native plugins for Editor in 0,00 ms.
Mono: successfully reloaded assembly
- Completed reload, in  1,465 seconds
Platform modules already initialized, skipping
Refreshing native plugins compatible for Editor in 1,04 ms, found 2 plugins.
Preloading 0 native plugins for Editor in 0,00 ms.
Unloading 1831 Unused Serialized files (Serialized files now loaded: 0)
System memory in use before: 99,8 MB.
System memory in use after: 99,8 MB.

Unloading 24 unused Assets to reduce memory usage. Loaded Objects now: 2310.
Total: 5,284177 ms (FindLiveObjects: 0,414852 ms CreateObjectMapping: 0,212309 ms MarkObjects: 4,411381 ms  DeleteObjects: 0,243517 ms)

========================================================================
Received Prepare
Registering precompiled user dll's ...
Registered in 0,005204 seconds.
Begin MonoManager ReloadAssembly
Native extension for LinuxStandalone target not found
Refreshing native plugins compatible for Editor in 1,17 ms, found 2 plugins.
Preloading 0 native plugins for Editor in 0,00 ms.
Mono: successfully reloaded assembly
- Completed reload, in  1,665 seconds
Platform modules already initialized, skipping
Refreshing native plugins compatible for Editor in 0,75 ms, found 2 plugins.
Preloading 0 native plugins for Editor in 0,00 ms.
Unloading 1831 Unused Serialized files (Serialized files now loaded: 0)
System memory in use before: 99,9 MB.
System memory in use after: 99,9 MB.

Unloading 24 unused Assets to reduce memory usage. Loaded Objects now: 2314.
Total: 6,319032 ms (FindLiveObjects: 0,489295 ms CreateObjectMapping: 0,291846 ms MarkObjects: 5,349499 ms  DeleteObjects: 0,185171 ms)

========================================================================
Received Prepare
Registering precompiled user dll's ...
Registered in 0,005473 seconds.
Begin MonoManager ReloadAssembly
Native extension for LinuxStandalone target not found
Refreshing native plugins compatible for Editor in 1,21 ms, found 2 plugins.
Preloading 0 native plugins for Editor in 0,00 ms.
Mono: successfully reloaded assembly
- Completed reload, in  1,861 seconds
Platform modules already initialized, skipping
Refreshing native plugins compatible for Editor in 1,14 ms, found 2 plugins.
Preloading 0 native plugins for Editor in 0,00 ms.
Unloading 1831 Unused Serialized files (Serialized files now loaded: 0)
System memory in use before: 99,9 MB.
System memory in use after: 99,9 MB.

Unloading 24 unused Assets to reduce memory usage. Loaded Objects now: 2318.
Total: 4,589897 ms (FindLiveObjects: 0,350526 ms CreateObjectMapping: 0,114571 ms MarkObjects: 3,932132 ms  DeleteObjects: 0,190713 ms)

========================================================================
Received Prepare
Registering precompiled user dll's ...
Registered in 0,004201 seconds.
Begin MonoManager ReloadAssembly
Native extension for LinuxStandalone target not found
Refreshing native plugins compatible for Editor in 1,44 ms, found 2 plugins.
Preloading 0 native plugins for Editor in 0,00 ms.
Mono: successfully reloaded assembly
- Completed reload, in  1,890 seconds
Platform modules already initialized, skipping
Refreshing native plugins compatible for Editor in 1,18 ms, found 2 plugins.
Preloading 0 native plugins for Editor in 0,00 ms.
Unloading 1831 Unused Serialized files (Serialized files now loaded: 0)
System memory in use before: 99,9 MB.
System memory in use after: 99,9 MB.

Unloading 24 unused Assets to reduce memory usage. Loaded Objects now: 2322.
Total: 11,517106 ms (FindLiveObjects: 0,389745 ms CreateObjectMapping: 0,131003 ms MarkObjects: 10,698577 ms  DeleteObjects: 0,295132 ms)

========================================================================
Received Prepare
Registering precompiled user dll's ...
Registered in 0,005350 seconds.
Begin MonoManager ReloadAssembly
Native extension for LinuxStandalone target not found
Refreshing native plugins compatible for Editor in 1,16 ms, found 2 plugins.
Preloading 0 native plugins for Editor in 0,00 ms.
Mono: successfully reloaded assembly
- Completed reload, in  1,778 seconds
Platform modules already initialized, skipping
Refreshing native plugins compatible for Editor in 0,69 ms, found 2 plugins.
Preloading 0 native plugins for Editor in 0,00 ms.
Unloading 1831 Unused Serialized files (Serialized files now loaded: 0)
System memory in use before: 99,9 MB.
System memory in use after: 99,9 MB.

Unloading 24 unused Assets to reduce memory usage. Loaded Objects now: 2326.
Total: 4,073081 ms (FindLiveObjects: 0,357581 ms CreateObjectMapping: 0,122403 ms MarkObjects: 3,401717 ms  DeleteObjects: 0,189087 ms)

========================================================================
Received Prepare
Registering precompiled user dll's ...
Registered in 0,005089 seconds.
Begin MonoManager ReloadAssembly
Native extension for LinuxStandalone target not found
Refreshing native plugins compatible for Editor in 1,24 ms, found 2 plugins.
Preloading 0 native plugins for Editor in 0,00 ms.
Mono: successfully reloaded assembly
- Completed reload, in  1,745 seconds
Platform modules already initialized, skipping
Refreshing native plugins compatible for Editor in 0,75 ms, found 2 plugins.
Preloading 0 native plugins for Editor in 0,00 ms.
Unloading 1831 Unused Serialized files (Serialized files now loaded: 0)
System memory in use before: 99,9 MB.
System memory in use after: 99,9 MB.

Unloading 24 unused Assets to reduce memory usage. Loaded Objects now: 2330.
Total: 3,965903 ms (FindLiveObjects: 0,247321 ms CreateObjectMapping: 0,081908 ms MarkObjects: 3,449741 ms  DeleteObjects: 0,185100 ms)

========================================================================
Received Prepare
Registering precompiled user dll's ...
Registered in 0,004181 seconds.
Begin MonoManager ReloadAssembly
Native extension for LinuxStandalone target not found
Refreshing native plugins compatible for Editor in 1,25 ms, found 2 plugins.
Preloading 0 native plugins for Editor in 0,00 ms.
Mono: successfully reloaded assembly
- Completed reload, in  1,802 seconds
Platform modules already initialized, skipping
Refreshing native plugins compatible for Editor in 1,11 ms, found 2 plugins.
Preloading 0 native plugins for Editor in 0,00 ms.
Unloading 1831 Unused Serialized files (Serialized files now loaded: 0)
System memory in use before: 99,9 MB.
System memory in use after: 99,9 MB.

Unloading 24 unused Assets to reduce memory usage. Loaded Objects now: 2334.
Total: 4,948123 ms (FindLiveObjects: 0,342692 ms CreateObjectMapping: 0,200848 ms MarkObjects: 4,202249 ms  DeleteObjects: 0,200000 ms)

========================================================================
Received Prepare
Registering precompiled user dll's ...
Registered in 0,003625 seconds.
Begin MonoManager ReloadAssembly
Native extension for LinuxStandalone target not found
Refreshing native plugins compatible for Editor in 0,98 ms, found 2 plugins.
Preloading 0 native plugins for Editor in 0,00 ms.
Mono: successfully reloaded assembly
- Completed reload, in  1,743 seconds
Platform modules already initialized, skipping
Refreshing native plugins compatible for Editor in 1,10 ms, found 2 plugins.
Preloading 0 native plugins for Editor in 0,00 ms.
Unloading 1831 Unused Serialized files (Serialized files now loaded: 0)
System memory in use before: 99,9 MB.
System memory in use after: 99,9 MB.

Unloading 24 unused Assets to reduce memory usage. Loaded Objects now: 2338.
Total: 5,749809 ms (FindLiveObjects: 0,320031 ms CreateObjectMapping: 0,121287 ms MarkObjects: 5,090933 ms  DeleteObjects: 0,215488 ms)

========================================================================
Received Prepare
Registering precompiled user dll's ...
Registered in 0,004886 seconds.
Begin MonoManager ReloadAssembly
Native extension for LinuxStandalone target not found
Refreshing native plugins compatible for Editor in 1,07 ms, found 2 plugins.
Preloading 0 native plugins for Editor in 0,00 ms.
Mono: successfully reloaded assembly
- Completed reload, in  1,587 seconds
Platform modules already initialized, skipping
Refreshing native plugins compatible for Editor in 0,67 ms, found 2 plugins.
Preloading 0 native plugins for Editor in 0,00 ms.
Unloading 1831 Unused Serialized files (Serialized files now loaded: 0)
System memory in use before: 99,9 MB.
System memory in use after: 99,9 MB.

Unloading 24 unused Assets to reduce memory usage. Loaded Objects now: 2342.
Total: 4,261668 ms (FindLiveObjects: 0,265493 ms CreateObjectMapping: 0,132212 ms MarkObjects: 3,648817 ms  DeleteObjects: 0,212713 ms)

========================================================================
Received Prepare
Registering precompiled user dll's ...
Registered in 0,005025 seconds.
Begin MonoManager ReloadAssembly
Native extension for LinuxStandalone target not found
Refreshing native plugins compatible for Editor in 1,28 ms, found 2 plugins.
Preloading 0 native plugins for Editor in 0,00 ms.
Mono: successfully reloaded assembly
- Completed reload, in  1,688 seconds
Platform modules already initialized, skipping
Refreshing native plugins compatible for Editor in 0,69 ms, found 2 plugins.
Preloading 0 native plugins for Editor in 0,00 ms.
Unloading 1831 Unused Serialized files (Serialized files now loaded: 0)
System memory in use before: 99,9 MB.
System memory in use after: 99,9 MB.

Unloading 24 unused Assets to reduce memory usage. Loaded Objects now: 2346.
Total: 5,343605 ms (FindLiveObjects: 0,365908 ms CreateObjectMapping: 0,129746 ms MarkObjects: 4,585374 ms  DeleteObjects: 0,260252 ms)

========================================================================
Received Prepare
Registering precompiled user dll's ...
Registered in 0,003373 seconds.
Begin MonoManager ReloadAssembly
Native extension for LinuxStandalone target not found
Refreshing native plugins compatible for Editor in 1,13 ms, found 2 plugins.
Preloading 0 native plugins for Editor in 0,00 ms.
Mono: successfully reloaded assembly
- Completed reload, in  1,804 seconds
Platform modules already initialized, skipping
Refreshing native plugins compatible for Editor in 1,23 ms, found 2 plugins.
Preloading 0 native plugins for Editor in 0,00 ms.
Unloading 1831 Unused Serialized files (Serialized files now loaded: 0)
System memory in use before: 99,9 MB.
System memory in use after: 99,9 MB.

Unloading 24 unused Assets to reduce memory usage. Loaded Objects now: 2350.
Total: 14,910580 ms (FindLiveObjects: 0,321257 ms CreateObjectMapping: 0,111847 ms MarkObjects: 14,158342 ms  DeleteObjects: 0,315138 ms)

========================================================================
Received Prepare
Registering precompiled user dll's ...
Registered in 0,005362 seconds.
Begin MonoManager ReloadAssembly
Native extension for LinuxStandalone target not found
Refreshing native plugins compatible for Editor in 2,44 ms, found 2 plugins.
Preloading 0 native plugins for Editor in 0,00 ms.
Mono: successfully reloaded assembly
- Completed reload, in  1,674 seconds
Platform modules already initialized, skipping
Refreshing native plugins compatible for Editor in 0,70 ms, found 2 plugins.
Preloading 0 native plugins for Editor in 0,00 ms.
Unloading 1831 Unused Serialized files (Serialized files now loaded: 0)
System memory in use before: 99,9 MB.
System memory in use after: 99,9 MB.

Unloading 24 unused Assets to reduce memory usage. Loaded Objects now: 2354.
Total: 4,683141 ms (FindLiveObjects: 0,255480 ms CreateObjectMapping: 0,147928 ms MarkObjects: 4,072080 ms  DeleteObjects: 0,205613 ms)

